Started at Thu Sep 07 19:24:23 UTC 2023
Processing CVS Check
Offering CVS Check to Project Build Discarder
Processing First Job
Offering First Job to Project Build Discarder
Processing Second Job
Offering Second Job to Project Build Discarder
Processing simple_C_program
Offering simple_C_program to Project Build Discarder
Processing simple_java_program
Offering simple_java_program to Project Build Discarder
Finished at Thu Sep 07 19:24:23 UTC 2023. 3ms
Started at Thu Sep 07 20:24:23 UTC 2023
Processing CVS Check
Offering CVS Check to Project Build Discarder
Processing First Job
Offering First Job to Project Build Discarder
Processing Second Job
Offering Second Job to Project Build Discarder
Processing simple_C_program
Offering simple_C_program to Project Build Discarder
Processing simple_java_program
Offering simple_java_program to Project Build Discarder
Finished at Thu Sep 07 20:24:23 UTC 2023. 5ms
Started at Thu Sep 07 21:24:23 UTC 2023
Processing CVS Check
Offering CVS Check to Project Build Discarder
Processing First Job
Offering First Job to Project Build Discarder
Processing Second Job
Offering Second Job to Project Build Discarder
Processing simple_C_program
Offering simple_C_program to Project Build Discarder
Processing simple_java_program
Offering simple_java_program to Project Build Discarder
Finished at Thu Sep 07 21:24:23 UTC 2023. 1ms
Started at Thu Sep 07 22:24:23 UTC 2023
Processing CVS Check
Offering CVS Check to Project Build Discarder
Processing First Job
Offering First Job to Project Build Discarder
Processing Second Job
Offering Second Job to Project Build Discarder
Processing simple_C_program
Offering simple_C_program to Project Build Discarder
Processing simple_java_program
Offering simple_java_program to Project Build Discarder
Finished at Thu Sep 07 22:24:23 UTC 2023. 1ms
Started at Thu Sep 07 23:24:23 UTC 2023
Processing CVS Check
Offering CVS Check to Project Build Discarder
Processing First Job
Offering First Job to Project Build Discarder
Processing Second Job
Offering Second Job to Project Build Discarder
Processing simple_C_program
Offering simple_C_program to Project Build Discarder
Processing simple_java_program
Offering simple_java_program to Project Build Discarder
Finished at Thu Sep 07 23:24:23 UTC 2023. 1ms
Started at Fri Sep 08 00:24:23 UTC 2023
Processing CVS Check
Offering CVS Check to Project Build Discarder
Processing First Job
Offering First Job to Project Build Discarder
Processing Second Job
Offering Second Job to Project Build Discarder
Processing simple_C_program
Offering simple_C_program to Project Build Discarder
Processing simple_java_program
Offering simple_java_program to Project Build Discarder
Finished at Fri Sep 08 00:24:23 UTC 2023. 1ms
Started at Fri Sep 08 01:24:23 UTC 2023
Processing CVS Check
Offering CVS Check to Project Build Discarder
Processing First Job
Offering First Job to Project Build Discarder
Processing Second Job
Offering Second Job to Project Build Discarder
Processing simple_C_program
Offering simple_C_program to Project Build Discarder
Processing simple_java_program
Offering simple_java_program to Project Build Discarder
Finished at Fri Sep 08 01:24:23 UTC 2023. 1ms
Started at Fri Sep 08 02:24:23 UTC 2023
Processing CVS Check
Offering CVS Check to Project Build Discarder
Processing First Job
Offering First Job to Project Build Discarder
Processing Second Job
Offering Second Job to Project Build Discarder
Processing simple_C_program
Offering simple_C_program to Project Build Discarder
Processing simple_java_program
Offering simple_java_program to Project Build Discarder
Finished at Fri Sep 08 02:24:23 UTC 2023. 1ms
Started at Fri Sep 08 03:24:23 UTC 2023
Processing CVS Check
Offering CVS Check to Project Build Discarder
Processing First Job
Offering First Job to Project Build Discarder
Processing Second Job
Offering Second Job to Project Build Discarder
Processing simple_C_program
Offering simple_C_program to Project Build Discarder
Processing simple_java_program
Offering simple_java_program to Project Build Discarder
Finished at Fri Sep 08 03:24:23 UTC 2023. 1ms
Started at Fri Sep 08 04:24:23 UTC 2023
Processing CVS Check
Offering CVS Check to Project Build Discarder
Processing First Job
Offering First Job to Project Build Discarder
Processing Second Job
Offering Second Job to Project Build Discarder
Processing simple_C_program
Offering simple_C_program to Project Build Discarder
Processing simple_java_program
Offering simple_java_program to Project Build Discarder
Finished at Fri Sep 08 04:24:23 UTC 2023. 1ms
Started at Fri Sep 08 05:24:23 UTC 2023
Processing CVS Check
Offering CVS Check to Project Build Discarder
Processing First Job
Offering First Job to Project Build Discarder
Processing Second Job
Offering Second Job to Project Build Discarder
Processing simple_C_program
Offering simple_C_program to Project Build Discarder
Processing simple_java_program
Offering simple_java_program to Project Build Discarder
Finished at Fri Sep 08 05:24:23 UTC 2023. 1ms
Started at Fri Sep 08 06:24:23 UTC 2023
Processing CVS Check
Offering CVS Check to Project Build Discarder
Processing First Job
Offering First Job to Project Build Discarder
Processing Second Job
Offering Second Job to Project Build Discarder
Processing simple_C_program
Offering simple_C_program to Project Build Discarder
Processing simple_java_program
Offering simple_java_program to Project Build Discarder
Finished at Fri Sep 08 06:24:23 UTC 2023. 1ms
Started at Fri Sep 08 07:24:23 UTC 2023
Processing CVS Check
Offering CVS Check to Project Build Discarder
Processing First Job
Offering First Job to Project Build Discarder
Processing Second Job
Offering Second Job to Project Build Discarder
Processing simple_C_program
Offering simple_C_program to Project Build Discarder
Processing simple_java_program
Offering simple_java_program to Project Build Discarder
Finished at Fri Sep 08 07:24:23 UTC 2023. 1ms
Started at Fri Sep 08 08:24:23 UTC 2023
Processing CVS Check
Offering CVS Check to Project Build Discarder
Processing First Job
Offering First Job to Project Build Discarder
Processing Second Job
Offering Second Job to Project Build Discarder
Processing simple_C_program
Offering simple_C_program to Project Build Discarder
Processing simple_java_program
Offering simple_java_program to Project Build Discarder
Finished at Fri Sep 08 08:24:23 UTC 2023. 1ms
Started at Fri Sep 08 09:24:23 UTC 2023
Processing CVS Check
Offering CVS Check to Project Build Discarder
Processing First Job
Offering First Job to Project Build Discarder
Processing Second Job
Offering Second Job to Project Build Discarder
Processing simple_C_program
Offering simple_C_program to Project Build Discarder
Processing simple_java_program
Offering simple_java_program to Project Build Discarder
Finished at Fri Sep 08 09:24:23 UTC 2023. 1ms
Started at Fri Sep 08 10:24:23 UTC 2023
Processing CVS Check
Offering CVS Check to Project Build Discarder
Processing First Job
Offering First Job to Project Build Discarder
Processing Second Job
Offering Second Job to Project Build Discarder
Processing simple_C_program
Offering simple_C_program to Project Build Discarder
Processing simple_java_program
Offering simple_java_program to Project Build Discarder
Finished at Fri Sep 08 10:24:23 UTC 2023. 1ms
Started at Fri Sep 08 11:24:23 UTC 2023
Processing CVS Check
Offering CVS Check to Project Build Discarder
Processing First Job
Offering First Job to Project Build Discarder
Processing Second Job
Offering Second Job to Project Build Discarder
Processing simple_C_program
Offering simple_C_program to Project Build Discarder
Processing simple_java_program
Offering simple_java_program to Project Build Discarder
Finished at Fri Sep 08 11:24:23 UTC 2023. 1ms
Started at Fri Sep 08 12:24:23 UTC 2023
Processing CVS Check
Offering CVS Check to Project Build Discarder
Processing First Job
Offering First Job to Project Build Discarder
Processing Second Job
Offering Second Job to Project Build Discarder
Processing simple_C_program
Offering simple_C_program to Project Build Discarder
Processing simple_java_program
Offering simple_java_program to Project Build Discarder
Finished at Fri Sep 08 12:24:23 UTC 2023. 1ms
Started at Fri Sep 08 13:24:23 UTC 2023
Processing CVS Check
Offering CVS Check to Project Build Discarder
Processing First Job
Offering First Job to Project Build Discarder
Processing Second Job
Offering Second Job to Project Build Discarder
Processing simple_C_program
Offering simple_C_program to Project Build Discarder
Processing simple_java_program
Offering simple_java_program to Project Build Discarder
Finished at Fri Sep 08 13:24:23 UTC 2023. 1ms
